November 11, 2019
Last successful build with: 
./configure --prefix=/home/ap/AlpacaLunch/alpaca/cryptlibs CFLAGS=-fPIC --enable-static --enable-harden --enable-keygen --disable-oldtls 

August 11, 2020 
WolfSSL 4.3.0
./configure --prefix=/home/ap/AlpacaLunch/alpaca/cryptlibs CFLAGS=-fPIC --enable-static --enable-harden --enable-keygen --enable-tls13 --disable-oldtls

Sept 1, 2020
./configure --prefix=/home/ap/AlpacaLunch/alpaca/cryptlibs CFLAGS=-fPIC --enable-static --enable-harden --enable-keygen --enable-tls13 --enable-aesctr --disable-oldtls 

November 11, 2020
./configure\
--prefix=/home/ap/AlpacaLunch/alpaca/cryptlibs \
CFLAGS=-fPIC \
--enable-static \
--enable-harden \
--enable-keygen \
--enable-certgen \
--enable-tls13 \
--enable-aesctr \
--disable-oldtls \
--enable-ssh


November 21, 2020
./configure \
--prefix=/home/ap/AlpacaLunch/alpaca/cryptlibs \
--disable-oldtls \
--disable-examples \
--disable-crypttests \
--disable-fips \
--disable-aescbc \
--disable-des3 \
--disable-md5 \
--disable-pkcs12 \
--enable-static \
--enable-harden \
--enable-fastmath \
--enable-keygen \
--enable-certgen \
--enable-tls13 \
--enable-aesctr \
--enable-ssh \
CFLAGS="-std=c11 -O2 -ffunction-sections -fdata-sections -fPIC -flto" \
LDFLAGS="-Wl,--gc-sections" 

January 31, 2021
./configure \
--prefix=/home/ap/AlpacaLunch/alpaca/cryptlibs \
--disable-oldtls \
--disable-examples \
--disable-crypttests \
--disable-fips \
--disable-aescbc \
--disable-des3 \
--disable-md5 \
--disable-pkcs12 \
--enable-static \
--enable-harden \
--enable-fastmath \
--enable-keygen \
--enable-certgen \
--enable-tls13 \
--enable-aesctr \
--enable-ssh \
CFLAGS="-std=c11 -O2 -ffunction-sections -fdata-sections -fPIC -flto" \
LDFLAGS="-Wl,--gc-sections"